<?xml version="1.0" encoding="UTF-8" ?>
<testsuite tests="1" failures="0" name="app.models.BookSpec" time="0.318" errors="0" skipped="0">
  <properties>
    <property name="java.runtime.name" value="Java(TM) SE Runtime Environment"/>
    <property name="sun.boot.library.path" value="/usr/lib/jvm/java-8-oracle/jre/lib/amd64"/>
    <property name="java.vm.version" value="25.131-b11"/>
    <property name="java.vm.vendor" value="Oracle Corporation"/>
    <property name="java.vendor.url" value="http://java.oracle.com/"/>
    <property name="path.separator" value=":"/>
    <property name="java.vm.name" value="Java HotSpot(TM) 64-Bit Server VM"/>
    <property name="file.encoding.pkg" value="sun.io"/>
    <property name="user.country" value="US"/>
    <property name="sun.java.launcher" value="SUN_STANDARD"/>
    <property name="sun.os.patch.level" value="unknown"/>
    <property name="java.vm.specification.name" value="Java Virtual Machine Specification"/>
    <property name="user.dir" value="/home/monagomaa/javalite_crud"/>
    <property name="java.runtime.version" value="1.8.0_131-b11"/>
    <property name="java.awt.graphicsenv" value="sun.awt.X11GraphicsEnvironment"/>
    <property name="basedir" value="/home/monagomaa/javalite_crud"/>
    <property name="java.endorsed.dirs" value="/usr/lib/jvm/java-8-oracle/jre/lib/endorsed"/>
    <property name="os.arch" value="amd64"/>
    <property name="surefire.real.class.path" value="/tmp/surefirebooter3063602851036139725.jar"/>
    <property name="java.io.tmpdir" value="/tmp"/>
    <property name="line.separator" value="
"/>
    <property name="java.vm.specification.vendor" value="Oracle Corporation"/>
    <property name="os.name" value="Linux"/>
    <property name="sun.jnu.encoding" value="UTF-8"/>
    <property name="java.library.path" value="/u01/app/oracle/product/12.1.0/db_1/lib:/lib:/usr/lib:/usr/java/packages/lib/amd64:/usr/lib64:/lib64:/lib:/usr/lib"/>
    <property name="surefire.test.class.path" value="/home/monagomaa/javalite_crud/target/test-classes:/home/monagomaa/javalite_crud/target/classes:/home/monagomaa/.m2/repository/junit/junit/4.12/junit-4.12.jar:/home/monagomaa/.m2/repository/org/hamcrest/hamcrest-core/1.3/hamcrest-core-1.3.jar:/home/monagomaa/.m2/repository/org/javalite/activeweb/1.15/activeweb-1.15.jar:/home/monagomaa/.m2/repository/org/javalite/activejdbc/1.4.13/activejdbc-1.4.13.jar:/home/monagomaa/.m2/repository/org/javalite/app-config/1.4.13/app-config-1.4.13.jar:/home/monagomaa/.m2/repository/org/javalite/javalite-common/1.4.13/javalite-common-1.4.13.jar:/home/monagomaa/.m2/repository/dom4j/dom4j/1.6.1/dom4j-1.6.1.jar:/home/monagomaa/.m2/repository/jaxen/jaxen/1.1.4/jaxen-1.1.4.jar:/home/monagomaa/.m2/repository/org/codehaus/jackson/jackson-core-asl/1.9.13/jackson-core-asl-1.9.13.jar:/home/monagomaa/.m2/repository/org/codehaus/jackson/jackson-mapper-asl/1.9.13/jackson-mapper-asl-1.9.13.jar:/home/monagomaa/.m2/repository/org/freemarker/freemarker/2.3.20/freemarker-2.3.20.jar:/home/monagomaa/.m2/repository/com/google/inject/guice/3.0/guice-3.0.jar:/home/monagomaa/.m2/repository/aopalliance/aopalliance/1.0/aopalliance-1.0.jar:/home/monagomaa/.m2/repository/commons-fileupload/commons-fileupload/1.3/commons-fileupload-1.3.jar:/home/monagomaa/.m2/repository/commons-io/commons-io/2.2/commons-io-2.2.jar:/home/monagomaa/.m2/repository/org/jsoup/jsoup/1.8.3/jsoup-1.8.3.jar:/home/monagomaa/.m2/repository/org/javalite/activeweb-testing/1.15/activeweb-testing-1.15.jar:/home/monagomaa/.m2/repository/org/springframework/spring-test/4.0.5.RELEASE/spring-test-4.0.5.RELEASE.jar:/home/monagomaa/.m2/repository/org/springframework/spring-core/4.0.5.RELEASE/spring-core-4.0.5.RELEASE.jar:/home/monagomaa/.m2/repository/commons-logging/commons-logging/1.1.3/commons-logging-1.1.3.jar:/home/monagomaa/.m2/repository/mysql/mysql-connector-java/5.1.35/mysql-connector-java-5.1.35.jar:/home/monagomaa/.m2/repository/org/slf4j/slf4j-simple/1.6.6/slf4j-simple-1.6.6.jar:/home/monagomaa/.m2/repository/org/slf4j/slf4j-api/1.6.6/slf4j-api-1.6.6.jar:/usr/lib/jvm/java-8-oracle/jre/../lib/tools.jar:/home/monagomaa/.m2/repository/org/eclipse/jetty/websocket/javax-websocket-server-impl/9.4.1.v20170120/javax-websocket-server-impl-9.4.1.v20170120.jar:/home/monagomaa/.m2/repository/org/eclipse/jetty/jetty-annotations/9.4.1.v20170120/jetty-annotations-9.4.1.v20170120.jar:/home/monagomaa/.m2/repository/org/eclipse/jetty/jetty-plus/9.4.1.v20170120/jetty-plus-9.4.1.v20170120.jar:/home/monagomaa/.m2/repository/org/eclipse/jetty/jetty-jndi/9.4.1.v20170120/jetty-jndi-9.4.1.v20170120.jar:/home/monagomaa/.m2/repository/org/eclipse/jetty/jetty-webapp/9.4.1.v20170120/jetty-webapp-9.4.1.v20170120.jar:/home/monagomaa/.m2/repository/org/eclipse/jetty/jetty-xml/9.4.1.v20170120/jetty-xml-9.4.1.v20170120.jar:/home/monagomaa/.m2/repository/javax/annotation/javax.annotation-api/1.2/javax.annotation-api-1.2.jar:/home/monagomaa/.m2/repository/org/ow2/asm/asm/5.1/asm-5.1.jar:/home/monagomaa/.m2/repository/org/ow2/asm/asm-commons/5.1/asm-commons-5.1.jar:/home/monagomaa/.m2/repository/org/ow2/asm/asm-tree/5.1/asm-tree-5.1.jar:/home/monagomaa/.m2/repository/org/eclipse/jetty/websocket/javax-websocket-client-impl/9.4.1.v20170120/javax-websocket-client-impl-9.4.1.v20170120.jar:/home/monagomaa/.m2/repository/org/eclipse/jetty/websocket/websocket-client/9.4.1.v20170120/websocket-client-9.4.1.v20170120.jar:/home/monagomaa/.m2/repository/org/eclipse/jetty/jetty-util/9.4.1.v20170120/jetty-util-9.4.1.v20170120.jar:/home/monagomaa/.m2/repository/org/eclipse/jetty/jetty-io/9.4.1.v20170120/jetty-io-9.4.1.v20170120.jar:/home/monagomaa/.m2/repository/org/eclipse/jetty/jetty-client/9.4.1.v20170120/jetty-client-9.4.1.v20170120.jar:/home/monagomaa/.m2/repository/org/eclipse/jetty/websocket/websocket-server/9.4.1.v20170120/websocket-server-9.4.1.v20170120.jar:/home/monagomaa/.m2/repository/org/eclipse/jetty/websocket/websocket-common/9.4.1.v20170120/websocket-common-9.4.1.v20170120.jar:/home/monagomaa/.m2/repository/org/eclipse/jetty/websocket/websocket-api/9.4.1.v20170120/websocket-api-9.4.1.v20170120.jar:/home/monagomaa/.m2/repository/org/eclipse/jetty/websocket/websocket-servlet/9.4.1.v20170120/websocket-servlet-9.4.1.v20170120.jar:/home/monagomaa/.m2/repository/org/eclipse/jetty/jetty-servlet/9.4.1.v20170120/jetty-servlet-9.4.1.v20170120.jar:/home/monagomaa/.m2/repository/org/eclipse/jetty/jetty-security/9.4.1.v20170120/jetty-security-9.4.1.v20170120.jar:/home/monagomaa/.m2/repository/org/eclipse/jetty/jetty-server/9.4.1.v20170120/jetty-server-9.4.1.v20170120.jar:/home/monagomaa/.m2/repository/org/eclipse/jetty/jetty-http/9.4.1.v20170120/jetty-http-9.4.1.v20170120.jar:/home/monagomaa/.m2/repository/javax/websocket/javax.websocket-api/1.0/javax.websocket-api-1.0.jar:/home/monagomaa/.m2/repository/javax/enterprise/cdi-api/1.0/cdi-api-1.0.jar:/home/monagomaa/.m2/repository/org/jboss/interceptor/jboss-interceptor-api/1.1/jboss-interceptor-api-1.1.jar:/home/monagomaa/.m2/repository/javax/annotation/jsr250-api/1.0/jsr250-api-1.0.jar:/home/monagomaa/.m2/repository/javax/inject/javax.inject/1/javax.inject-1.jar:/home/monagomaa/.m2/repository/javax/servlet/javax.servlet-api/3.1.0/javax.servlet-api-3.1.0.jar:"/>
    <property name="java.specification.name" value="Java Platform API Specification"/>
    <property name="java.class.version" value="52.0"/>
    <property name="sun.management.compiler" value="HotSpot 64-Bit Tiered Compilers"/>
    <property name="os.version" value="4.4.0-112-generic"/>
    <property name="user.home" value="/home/monagomaa"/>
    <property name="user.timezone" value="Africa/Cairo"/>
    <property name="java.awt.printerjob" value="sun.print.PSPrinterJob"/>
    <property name="file.encoding" value="UTF-8"/>
    <property name="java.specification.version" value="1.8"/>
    <property name="user.name" value="monagomaa"/>
    <property name="java.class.path" value="/home/monagomaa/javalite_crud/target/test-classes:/home/monagomaa/javalite_crud/target/classes:/home/monagomaa/.m2/repository/junit/junit/4.12/junit-4.12.jar:/home/monagomaa/.m2/repository/org/hamcrest/hamcrest-core/1.3/hamcrest-core-1.3.jar:/home/monagomaa/.m2/repository/org/javalite/activeweb/1.15/activeweb-1.15.jar:/home/monagomaa/.m2/repository/org/javalite/activejdbc/1.4.13/activejdbc-1.4.13.jar:/home/monagomaa/.m2/repository/org/javalite/app-config/1.4.13/app-config-1.4.13.jar:/home/monagomaa/.m2/repository/org/javalite/javalite-common/1.4.13/javalite-common-1.4.13.jar:/home/monagomaa/.m2/repository/dom4j/dom4j/1.6.1/dom4j-1.6.1.jar:/home/monagomaa/.m2/repository/jaxen/jaxen/1.1.4/jaxen-1.1.4.jar:/home/monagomaa/.m2/repository/org/codehaus/jackson/jackson-core-asl/1.9.13/jackson-core-asl-1.9.13.jar:/home/monagomaa/.m2/repository/org/codehaus/jackson/jackson-mapper-asl/1.9.13/jackson-mapper-asl-1.9.13.jar:/home/monagomaa/.m2/repository/org/freemarker/freemarker/2.3.20/freemarker-2.3.20.jar:/home/monagomaa/.m2/repository/com/google/inject/guice/3.0/guice-3.0.jar:/home/monagomaa/.m2/repository/aopalliance/aopalliance/1.0/aopalliance-1.0.jar:/home/monagomaa/.m2/repository/commons-fileupload/commons-fileupload/1.3/commons-fileupload-1.3.jar:/home/monagomaa/.m2/repository/commons-io/commons-io/2.2/commons-io-2.2.jar:/home/monagomaa/.m2/repository/org/jsoup/jsoup/1.8.3/jsoup-1.8.3.jar:/home/monagomaa/.m2/repository/org/javalite/activeweb-testing/1.15/activeweb-testing-1.15.jar:/home/monagomaa/.m2/repository/org/springframework/spring-test/4.0.5.RELEASE/spring-test-4.0.5.RELEASE.jar:/home/monagomaa/.m2/repository/org/springframework/spring-core/4.0.5.RELEASE/spring-core-4.0.5.RELEASE.jar:/home/monagomaa/.m2/repository/commons-logging/commons-logging/1.1.3/commons-logging-1.1.3.jar:/home/monagomaa/.m2/repository/mysql/mysql-connector-java/5.1.35/mysql-connector-java-5.1.35.jar:/home/monagomaa/.m2/repository/org/slf4j/slf4j-simple/1.6.6/slf4j-simple-1.6.6.jar:/home/monagomaa/.m2/repository/org/slf4j/slf4j-api/1.6.6/slf4j-api-1.6.6.jar:/usr/lib/jvm/java-8-oracle/jre/../lib/tools.jar:/home/monagomaa/.m2/repository/org/eclipse/jetty/websocket/javax-websocket-server-impl/9.4.1.v20170120/javax-websocket-server-impl-9.4.1.v20170120.jar:/home/monagomaa/.m2/repository/org/eclipse/jetty/jetty-annotations/9.4.1.v20170120/jetty-annotations-9.4.1.v20170120.jar:/home/monagomaa/.m2/repository/org/eclipse/jetty/jetty-plus/9.4.1.v20170120/jetty-plus-9.4.1.v20170120.jar:/home/monagomaa/.m2/repository/org/eclipse/jetty/jetty-jndi/9.4.1.v20170120/jetty-jndi-9.4.1.v20170120.jar:/home/monagomaa/.m2/repository/org/eclipse/jetty/jetty-webapp/9.4.1.v20170120/jetty-webapp-9.4.1.v20170120.jar:/home/monagomaa/.m2/repository/org/eclipse/jetty/jetty-xml/9.4.1.v20170120/jetty-xml-9.4.1.v20170120.jar:/home/monagomaa/.m2/repository/javax/annotation/javax.annotation-api/1.2/javax.annotation-api-1.2.jar:/home/monagomaa/.m2/repository/org/ow2/asm/asm/5.1/asm-5.1.jar:/home/monagomaa/.m2/repository/org/ow2/asm/asm-commons/5.1/asm-commons-5.1.jar:/home/monagomaa/.m2/repository/org/ow2/asm/asm-tree/5.1/asm-tree-5.1.jar:/home/monagomaa/.m2/repository/org/eclipse/jetty/websocket/javax-websocket-client-impl/9.4.1.v20170120/javax-websocket-client-impl-9.4.1.v20170120.jar:/home/monagomaa/.m2/repository/org/eclipse/jetty/websocket/websocket-client/9.4.1.v20170120/websocket-client-9.4.1.v20170120.jar:/home/monagomaa/.m2/repository/org/eclipse/jetty/jetty-util/9.4.1.v20170120/jetty-util-9.4.1.v20170120.jar:/home/monagomaa/.m2/repository/org/eclipse/jetty/jetty-io/9.4.1.v20170120/jetty-io-9.4.1.v20170120.jar:/home/monagomaa/.m2/repository/org/eclipse/jetty/jetty-client/9.4.1.v20170120/jetty-client-9.4.1.v20170120.jar:/home/monagomaa/.m2/repository/org/eclipse/jetty/websocket/websocket-server/9.4.1.v20170120/websocket-server-9.4.1.v20170120.jar:/home/monagomaa/.m2/repository/org/eclipse/jetty/websocket/websocket-common/9.4.1.v20170120/websocket-common-9.4.1.v20170120.jar:/home/monagomaa/.m2/repository/org/eclipse/jetty/websocket/websocket-api/9.4.1.v20170120/websocket-api-9.4.1.v20170120.jar:/home/monagomaa/.m2/repository/org/eclipse/jetty/websocket/websocket-servlet/9.4.1.v20170120/websocket-servlet-9.4.1.v20170120.jar:/home/monagomaa/.m2/repository/org/eclipse/jetty/jetty-servlet/9.4.1.v20170120/jetty-servlet-9.4.1.v20170120.jar:/home/monagomaa/.m2/repository/org/eclipse/jetty/jetty-security/9.4.1.v20170120/jetty-security-9.4.1.v20170120.jar:/home/monagomaa/.m2/repository/org/eclipse/jetty/jetty-server/9.4.1.v20170120/jetty-server-9.4.1.v20170120.jar:/home/monagomaa/.m2/repository/org/eclipse/jetty/jetty-http/9.4.1.v20170120/jetty-http-9.4.1.v20170120.jar:/home/monagomaa/.m2/repository/javax/websocket/javax.websocket-api/1.0/javax.websocket-api-1.0.jar:/home/monagomaa/.m2/repository/javax/enterprise/cdi-api/1.0/cdi-api-1.0.jar:/home/monagomaa/.m2/repository/org/jboss/interceptor/jboss-interceptor-api/1.1/jboss-interceptor-api-1.1.jar:/home/monagomaa/.m2/repository/javax/annotation/jsr250-api/1.0/jsr250-api-1.0.jar:/home/monagomaa/.m2/repository/javax/inject/javax.inject/1/javax.inject-1.jar:/home/monagomaa/.m2/repository/javax/servlet/javax.servlet-api/3.1.0/javax.servlet-api-3.1.0.jar:"/>
    <property name="java.vm.specification.version" value="1.8"/>
    <property name="sun.arch.data.model" value="64"/>
    <property name="java.home" value="/usr/lib/jvm/java-8-oracle/jre"/>
    <property name="sun.java.command" value="/tmp/surefirebooter3063602851036139725.jar /tmp/surefire3055338415760359344tmp /tmp/surefire76323012213649458tmp"/>
    <property name="java.specification.vendor" value="Oracle Corporation"/>
    <property name="user.language" value="en"/>
    <property name="awt.toolkit" value="sun.awt.X11.XToolkit"/>
    <property name="java.vm.info" value="mixed mode"/>
    <property name="java.version" value="1.8.0_131"/>
    <property name="java.ext.dirs" value="/usr/lib/jvm/java-8-oracle/jre/lib/ext:/usr/java/packages/lib/ext"/>
    <property name="sun.boot.class.path" value="/usr/lib/jvm/java-8-oracle/jre/lib/resources.jar:/usr/lib/jvm/java-8-oracle/jre/lib/rt.jar:/usr/lib/jvm/java-8-oracle/jre/lib/sunrsasign.jar:/usr/lib/jvm/java-8-oracle/jre/lib/jsse.jar:/usr/lib/jvm/java-8-oracle/jre/lib/jce.jar:/usr/lib/jvm/java-8-oracle/jre/lib/charsets.jar:/usr/lib/jvm/java-8-oracle/jre/lib/jfr.jar:/usr/lib/jvm/java-8-oracle/jre/classes"/>
    <property name="java.vendor" value="Oracle Corporation"/>
    <property name="localRepository" value="/home/monagomaa/.m2/repository"/>
    <property name="file.separator" value="/"/>
    <property name="java.vendor.url.bug" value="http://bugreport.sun.com/bugreport/"/>
    <property name="sun.cpu.endian" value="little"/>
    <property name="sun.io.unicode.encoding" value="UnicodeLittle"/>
    <property name="sun.desktop" value="gnome"/>
    <property name="sun.cpu.isalist" value=""/>
  </properties>
  <testcase classname="app.models.BookSpec" name="shouldValidateRequiredAttributes" time="0.312"/>
</testsuite>